<?xml version="1.0" encoding="UTF-8"?>
<testsuites name="jest tests" tests="16" failures="5" time="1.925">
  <testsuite name="React Instagram APP" errors="0" failures="5" skipped="0" timestamp="2020-05-26T19:41:42" time="1.315" tests="16">
    <testcase classname="React Instagram APP Folder Strucutre and data-test-id attributes should should render properly the &lt;Loading&gt; component" name="React Instagram APP Folder Strucutre and data-test-id attributes should should render properly the &lt;Loading&gt; component" time="0.03">
    </testcase>
    <testcase classname="React Instagram APP Folder Strucutre and data-test-id attributes should should render properly the &lt;Post&gt; component" name="React Instagram APP Folder Strucutre and data-test-id attributes should should render properly the &lt;Post&gt; component" time="0.015">
    </testcase>
    <testcase classname="React Instagram APP Folder Strucutre and data-test-id attributes should should render properly the &lt;Story&gt; component" name="React Instagram APP Folder Strucutre and data-test-id attributes should should render properly the &lt;Story&gt; component" time="0.003">
    </testcase>
    <testcase classname="React Instagram APP Folder Strucutre and data-test-id attributes should should render properly the &lt;SuccessMessage&gt; component" name="React Instagram APP Folder Strucutre and data-test-id attributes should should render properly the &lt;SuccessMessage&gt; component" time="0.007">
    </testcase>
    <testcase classname="React Instagram APP Folder Strucutre and data-test-id attributes should should render properly the &lt;Topbar&gt; component" name="React Instagram APP Folder Strucutre and data-test-id attributes should should render properly the &lt;Topbar&gt; component" time="0.005">
    </testcase>
    <testcase classname="React Instagram APP Folder Strucutre and data-test-id attributes should should render properly the &lt;User&gt; component" name="React Instagram APP Folder Strucutre and data-test-id attributes should should render properly the &lt;User&gt; component" time="0.003">
    </testcase>
    <testcase classname="React Instagram APP Folder Strucutre and data-test-id attributes should should render properly the &lt;App&gt; container" name="React Instagram APP Folder Strucutre and data-test-id attributes should should render properly the &lt;App&gt; container" time="0.028">
      <failure>Error: could not find react-redux context value; please ensure the component is wrapped in a &lt;Provider&gt;
    at useReduxContext (/home/user/codenation/react-16/node_modules/react-redux/lib/hooks/useReduxContext.js:30:11)
    at useStore (/home/user/codenation/react-16/node_modules/react-redux/lib/hooks/useStore.js:28:28)
    at useDispatch (/home/user/codenation/react-16/node_modules/react-redux/lib/hooks/useDispatch.js:24:17)
    at FeedRoute (/home/user/codenation/react-16/src/routes/FeedRoute/FeedRoute.jsx:17:20)
    at renderWithHooks (/home/user/codenation/react-16/node_modules/react-dom/cjs/react-dom.development.js:14803:18)
    at mountIndeterminateComponent (/home/user/codenation/react-16/node_modules/react-dom/cjs/react-dom.development.js:17482:13)
    at beginWork (/home/user/codenation/react-16/node_modules/react-dom/cjs/react-dom.development.js:18596:16)
    at HTMLUnknownElement.callCallback (/home/user/codenation/react-16/node_modules/react-dom/cjs/react-dom.development.js:188:14)
    at invokeEventListeners (/home/user/codenation/react-16/node_modules/jsdom/lib/jsdom/living/events/EventTarget-impl.js:193:27)
    at HTMLUnknownElementImpl._dispatch (/home/user/codenation/react-16/node_modules/jsdom/lib/jsdom/living/events/EventTarget-impl.js:119:9)
    at HTMLUnknownElementImpl.dispatchEvent (/home/user/codenation/react-16/node_modules/jsdom/lib/jsdom/living/events/EventTarget-impl.js:82:17)
    at HTMLUnknownElementImpl.dispatchEvent (/home/user/codenation/react-16/node_modules/jsdom/lib/jsdom/living/nodes/HTMLElement-impl.js:30:27)
    at HTMLUnknownElement.dispatchEvent (/home/user/codenation/react-16/node_modules/jsdom/lib/jsdom/living/generated/EventTarget.js:157:21)
    at Object.invokeGuardedCallbackDev (/home/user/codenation/react-16/node_modules/react-dom/cjs/react-dom.development.js:237:16)
    at invokeGuardedCallback (/home/user/codenation/react-16/node_modules/react-dom/cjs/react-dom.development.js:292:31)
    at beginWork$1 (/home/user/codenation/react-16/node_modules/react-dom/cjs/react-dom.development.js:23203:7)
    at performUnitOfWork (/home/user/codenation/react-16/node_modules/react-dom/cjs/react-dom.development.js:22157:12)
    at workLoopSync (/home/user/codenation/react-16/node_modules/react-dom/cjs/react-dom.development.js:22130:22)
    at performSyncWorkOnRoot (/home/user/codenation/react-16/node_modules/react-dom/cjs/react-dom.development.js:21756:9)
    at scheduleUpdateOnFiber (/home/user/codenation/react-16/node_modules/react-dom/cjs/react-dom.development.js:21188:7)
    at updateContainer (/home/user/codenation/react-16/node_modules/react-dom/cjs/react-dom.development.js:24373:3)
    at /home/user/codenation/react-16/node_modules/react-dom/cjs/react-dom.development.js:24758:7
    at unbatchedUpdates (/home/user/codenation/react-16/node_modules/react-dom/cjs/react-dom.development.js:21903:12)
    at legacyRenderSubtreeIntoContainer (/home/user/codenation/react-16/node_modules/react-dom/cjs/react-dom.development.js:24757:5)
    at Object.render (/home/user/codenation/react-16/node_modules/react-dom/cjs/react-dom.development.js:24840:10)
    at /home/user/codenation/react-16/node_modules/@testing-library/react/dist/pure.js:86:25
    at batchedUpdates$1 (/home/user/codenation/react-16/node_modules/react-dom/cjs/react-dom.development.js:21856:12)
    at act (/home/user/codenation/react-16/node_modules/react-dom/cjs/react-dom-test-utils.development.js:929:14)
    at render (/home/user/codenation/react-16/node_modules/@testing-library/react/dist/pure.js:82:26)
    at Object.&lt;anonymous&gt; (/home/user/codenation/react-16/src/__tests__/submit.test.js:113:31)
    at Object.asyncJestTest (/home/user/codenation/react-16/node_modules/jest-jasmine2/build/jasmineAsyncInstall.js:102:37)
    at /home/user/codenation/react-16/node_modules/jest-jasmine2/build/queueRunner.js:43:12
    at new Promise (&lt;anonymous&gt;)
    at mapper (/home/user/codenation/react-16/node_modules/jest-jasmine2/build/queueRunner.js:26:19)
    at /home/user/codenation/react-16/node_modules/jest-jasmine2/build/queueRunner.js:73:41</failure>
    </testcase>
    <testcase classname="React Instagram APP Folder Strucutre and data-test-id attributes should should render properly the &lt;Posts&gt; container" name="React Instagram APP Folder Strucutre and data-test-id attributes should should render properly the &lt;Posts&gt; container" time="0.005">
      <failure>Error: could not find react-redux context value; please ensure the component is wrapped in a &lt;Provider&gt;
    at useReduxContext (/home/user/codenation/react-16/node_modules/react-redux/lib/hooks/useReduxContext.js:30:11)
    at useSelector (/home/user/codenation/react-16/node_modules/react-redux/lib/hooks/useSelector.js:111:28)
    at Posts (/home/user/codenation/react-16/src/containers/Posts/Posts.jsx:8:21)
    at renderWithHooks (/home/user/codenation/react-16/node_modules/react-dom/cjs/react-dom.development.js:14803:18)
    at mountIndeterminateComponent (/home/user/codenation/react-16/node_modules/react-dom/cjs/react-dom.development.js:17482:13)
    at beginWork (/home/user/codenation/react-16/node_modules/react-dom/cjs/react-dom.development.js:18596:16)
    at HTMLUnknownElement.callCallback (/home/user/codenation/react-16/node_modules/react-dom/cjs/react-dom.development.js:188:14)
    at invokeEventListeners (/home/user/codenation/react-16/node_modules/jsdom/lib/jsdom/living/events/EventTarget-impl.js:193:27)
    at HTMLUnknownElementImpl._dispatch (/home/user/codenation/react-16/node_modules/jsdom/lib/jsdom/living/events/EventTarget-impl.js:119:9)
    at HTMLUnknownElementImpl.dispatchEvent (/home/user/codenation/react-16/node_modules/jsdom/lib/jsdom/living/events/EventTarget-impl.js:82:17)
    at HTMLUnknownElementImpl.dispatchEvent (/home/user/codenation/react-16/node_modules/jsdom/lib/jsdom/living/nodes/HTMLElement-impl.js:30:27)
    at HTMLUnknownElement.dispatchEvent (/home/user/codenation/react-16/node_modules/jsdom/lib/jsdom/living/generated/EventTarget.js:157:21)
    at Object.invokeGuardedCallbackDev (/home/user/codenation/react-16/node_modules/react-dom/cjs/react-dom.development.js:237:16)
    at invokeGuardedCallback (/home/user/codenation/react-16/node_modules/react-dom/cjs/react-dom.development.js:292:31)
    at beginWork$1 (/home/user/codenation/react-16/node_modules/react-dom/cjs/react-dom.development.js:23203:7)
    at performUnitOfWork (/home/user/codenation/react-16/node_modules/react-dom/cjs/react-dom.development.js:22157:12)
    at workLoopSync (/home/user/codenation/react-16/node_modules/react-dom/cjs/react-dom.development.js:22130:22)
    at performSyncWorkOnRoot (/home/user/codenation/react-16/node_modules/react-dom/cjs/react-dom.development.js:21756:9)
    at scheduleUpdateOnFiber (/home/user/codenation/react-16/node_modules/react-dom/cjs/react-dom.development.js:21188:7)
    at updateContainer (/home/user/codenation/react-16/node_modules/react-dom/cjs/react-dom.development.js:24373:3)
    at /home/user/codenation/react-16/node_modules/react-dom/cjs/react-dom.development.js:24758:7
    at unbatchedUpdates (/home/user/codenation/react-16/node_modules/react-dom/cjs/react-dom.development.js:21903:12)
    at legacyRenderSubtreeIntoContainer (/home/user/codenation/react-16/node_modules/react-dom/cjs/react-dom.development.js:24757:5)
    at Object.render (/home/user/codenation/react-16/node_modules/react-dom/cjs/react-dom.development.js:24840:10)
    at /home/user/codenation/react-16/node_modules/@testing-library/react/dist/pure.js:86:25
    at batchedUpdates$1 (/home/user/codenation/react-16/node_modules/react-dom/cjs/react-dom.development.js:21856:12)
    at act (/home/user/codenation/react-16/node_modules/react-dom/cjs/react-dom-test-utils.development.js:929:14)
    at render (/home/user/codenation/react-16/node_modules/@testing-library/react/dist/pure.js:82:26)
    at Object.&lt;anonymous&gt; (/home/user/codenation/react-16/src/__tests__/submit.test.js:128:31)
    at Object.asyncJestTest (/home/user/codenation/react-16/node_modules/jest-jasmine2/build/jasmineAsyncInstall.js:102:37)
    at /home/user/codenation/react-16/node_modules/jest-jasmine2/build/queueRunner.js:43:12
    at new Promise (&lt;anonymous&gt;)
    at mapper (/home/user/codenation/react-16/node_modules/jest-jasmine2/build/queueRunner.js:26:19)
    at /home/user/codenation/react-16/node_modules/jest-jasmine2/build/queueRunner.js:73:41</failure>
    </testcase>
    <testcase classname="React Instagram APP Folder Strucutre and data-test-id attributes should should render properly the &lt;Stories&gt; container" name="React Instagram APP Folder Strucutre and data-test-id attributes should should render properly the &lt;Stories&gt; container" time="0.007">
      <failure>Error: could not find react-redux context value; please ensure the component is wrapped in a &lt;Provider&gt;
    at useReduxContext (/home/user/codenation/react-16/node_modules/react-redux/lib/hooks/useReduxContext.js:30:11)
    at useSelector (/home/user/codenation/react-16/node_modules/react-redux/lib/hooks/useSelector.js:111:28)
    at Stories (/home/user/codenation/react-16/src/containers/Stories/Stories.jsx:13:21)
    at renderWithHooks (/home/user/codenation/react-16/node_modules/react-dom/cjs/react-dom.development.js:14803:18)
    at mountIndeterminateComponent (/home/user/codenation/react-16/node_modules/react-dom/cjs/react-dom.development.js:17482:13)
    at beginWork (/home/user/codenation/react-16/node_modules/react-dom/cjs/react-dom.development.js:18596:16)
    at HTMLUnknownElement.callCallback (/home/user/codenation/react-16/node_modules/react-dom/cjs/react-dom.development.js:188:14)
    at invokeEventListeners (/home/user/codenation/react-16/node_modules/jsdom/lib/jsdom/living/events/EventTarget-impl.js:193:27)
    at HTMLUnknownElementImpl._dispatch (/home/user/codenation/react-16/node_modules/jsdom/lib/jsdom/living/events/EventTarget-impl.js:119:9)
    at HTMLUnknownElementImpl.dispatchEvent (/home/user/codenation/react-16/node_modules/jsdom/lib/jsdom/living/events/EventTarget-impl.js:82:17)
    at HTMLUnknownElementImpl.dispatchEvent (/home/user/codenation/react-16/node_modules/jsdom/lib/jsdom/living/nodes/HTMLElement-impl.js:30:27)
    at HTMLUnknownElement.dispatchEvent (/home/user/codenation/react-16/node_modules/jsdom/lib/jsdom/living/generated/EventTarget.js:157:21)
    at Object.invokeGuardedCallbackDev (/home/user/codenation/react-16/node_modules/react-dom/cjs/react-dom.development.js:237:16)
    at invokeGuardedCallback (/home/user/codenation/react-16/node_modules/react-dom/cjs/react-dom.development.js:292:31)
    at beginWork$1 (/home/user/codenation/react-16/node_modules/react-dom/cjs/react-dom.development.js:23203:7)
    at performUnitOfWork (/home/user/codenation/react-16/node_modules/react-dom/cjs/react-dom.development.js:22157:12)
    at workLoopSync (/home/user/codenation/react-16/node_modules/react-dom/cjs/react-dom.development.js:22130:22)
    at performSyncWorkOnRoot (/home/user/codenation/react-16/node_modules/react-dom/cjs/react-dom.development.js:21756:9)
    at scheduleUpdateOnFiber (/home/user/codenation/react-16/node_modules/react-dom/cjs/react-dom.development.js:21188:7)
    at updateContainer (/home/user/codenation/react-16/node_modules/react-dom/cjs/react-dom.development.js:24373:3)
    at /home/user/codenation/react-16/node_modules/react-dom/cjs/react-dom.development.js:24758:7
    at unbatchedUpdates (/home/user/codenation/react-16/node_modules/react-dom/cjs/react-dom.development.js:21903:12)
    at legacyRenderSubtreeIntoContainer (/home/user/codenation/react-16/node_modules/react-dom/cjs/react-dom.development.js:24757:5)
    at Object.render (/home/user/codenation/react-16/node_modules/react-dom/cjs/react-dom.development.js:24840:10)
    at /home/user/codenation/react-16/node_modules/@testing-library/react/dist/pure.js:86:25
    at batchedUpdates$1 (/home/user/codenation/react-16/node_modules/react-dom/cjs/react-dom.development.js:21856:12)
    at act (/home/user/codenation/react-16/node_modules/react-dom/cjs/react-dom-test-utils.development.js:929:14)
    at render (/home/user/codenation/react-16/node_modules/@testing-library/react/dist/pure.js:82:26)
    at Object.&lt;anonymous&gt; (/home/user/codenation/react-16/src/__tests__/submit.test.js:143:31)
    at Object.asyncJestTest (/home/user/codenation/react-16/node_modules/jest-jasmine2/build/jasmineAsyncInstall.js:102:37)
    at /home/user/codenation/react-16/node_modules/jest-jasmine2/build/queueRunner.js:43:12
    at new Promise (&lt;anonymous&gt;)
    at mapper (/home/user/codenation/react-16/node_modules/jest-jasmine2/build/queueRunner.js:26:19)
    at /home/user/codenation/react-16/node_modules/jest-jasmine2/build/queueRunner.js:73:41</failure>
    </testcase>
    <testcase classname="React Instagram APP Folder Strucutre and data-test-id attributes should should render properly the &lt;UserForm&gt; container" name="React Instagram APP Folder Strucutre and data-test-id attributes should should render properly the &lt;UserForm&gt; container" time="0.005">
    </testcase>
    <testcase classname="React Instagram APP Folder Strucutre and data-test-id attributes should should render properly the &lt;UserPosts&gt; container" name="React Instagram APP Folder Strucutre and data-test-id attributes should should render properly the &lt;UserPosts&gt; container" time="0.008">
      <failure>TypeError: Cannot destructure property &apos;comments&apos; of &apos;postInfo&apos; as it is undefined.
    at Post (/home/user/codenation/react-16/src/components/Post/Post.jsx:10:11)
    at renderWithHooks (/home/user/codenation/react-16/node_modules/react-dom/cjs/react-dom.development.js:14803:18)
    at mountIndeterminateComponent (/home/user/codenation/react-16/node_modules/react-dom/cjs/react-dom.development.js:17482:13)
    at beginWork (/home/user/codenation/react-16/node_modules/react-dom/cjs/react-dom.development.js:18596:16)
    at HTMLUnknownElement.callCallback (/home/user/codenation/react-16/node_modules/react-dom/cjs/react-dom.development.js:188:14)
    at invokeEventListeners (/home/user/codenation/react-16/node_modules/jsdom/lib/jsdom/living/events/EventTarget-impl.js:193:27)
    at HTMLUnknownElementImpl._dispatch (/home/user/codenation/react-16/node_modules/jsdom/lib/jsdom/living/events/EventTarget-impl.js:119:9)
    at HTMLUnknownElementImpl.dispatchEvent (/home/user/codenation/react-16/node_modules/jsdom/lib/jsdom/living/events/EventTarget-impl.js:82:17)
    at HTMLUnknownElementImpl.dispatchEvent (/home/user/codenation/react-16/node_modules/jsdom/lib/jsdom/living/nodes/HTMLElement-impl.js:30:27)
    at HTMLUnknownElement.dispatchEvent (/home/user/codenation/react-16/node_modules/jsdom/lib/jsdom/living/generated/EventTarget.js:157:21)
    at Object.invokeGuardedCallbackDev (/home/user/codenation/react-16/node_modules/react-dom/cjs/react-dom.development.js:237:16)
    at invokeGuardedCallback (/home/user/codenation/react-16/node_modules/react-dom/cjs/react-dom.development.js:292:31)
    at beginWork$1 (/home/user/codenation/react-16/node_modules/react-dom/cjs/react-dom.development.js:23203:7)
    at performUnitOfWork (/home/user/codenation/react-16/node_modules/react-dom/cjs/react-dom.development.js:22157:12)
    at workLoopSync (/home/user/codenation/react-16/node_modules/react-dom/cjs/react-dom.development.js:22130:22)
    at performSyncWorkOnRoot (/home/user/codenation/react-16/node_modules/react-dom/cjs/react-dom.development.js:21756:9)
    at scheduleUpdateOnFiber (/home/user/codenation/react-16/node_modules/react-dom/cjs/react-dom.development.js:21188:7)
    at updateContainer (/home/user/codenation/react-16/node_modules/react-dom/cjs/react-dom.development.js:24373:3)
    at /home/user/codenation/react-16/node_modules/react-dom/cjs/react-dom.development.js:24758:7
    at unbatchedUpdates (/home/user/codenation/react-16/node_modules/react-dom/cjs/react-dom.development.js:21903:12)
    at legacyRenderSubtreeIntoContainer (/home/user/codenation/react-16/node_modules/react-dom/cjs/react-dom.development.js:24757:5)
    at Object.render (/home/user/codenation/react-16/node_modules/react-dom/cjs/react-dom.development.js:24840:10)
    at /home/user/codenation/react-16/node_modules/@testing-library/react/dist/pure.js:86:25
    at batchedUpdates$1 (/home/user/codenation/react-16/node_modules/react-dom/cjs/react-dom.development.js:21856:12)
    at act (/home/user/codenation/react-16/node_modules/react-dom/cjs/react-dom-test-utils.development.js:929:14)
    at render (/home/user/codenation/react-16/node_modules/@testing-library/react/dist/pure.js:82:26)
    at Object.&lt;anonymous&gt; (/home/user/codenation/react-16/src/__tests__/submit.test.js:170:31)
    at Object.asyncJestTest (/home/user/codenation/react-16/node_modules/jest-jasmine2/build/jasmineAsyncInstall.js:102:37)
    at /home/user/codenation/react-16/node_modules/jest-jasmine2/build/queueRunner.js:43:12
    at new Promise (&lt;anonymous&gt;)
    at mapper (/home/user/codenation/react-16/node_modules/jest-jasmine2/build/queueRunner.js:26:19)
    at /home/user/codenation/react-16/node_modules/jest-jasmine2/build/queueRunner.js:73:41</failure>
    </testcase>
    <testcase classname="React Instagram APP Folder Strucutre and data-test-id attributes should should render properly the &lt;UserProfile&gt; container" name="React Instagram APP Folder Strucutre and data-test-id attributes should should render properly the &lt;UserProfile&gt; container" time="0.011">
    </testcase>
    <testcase classname="React Instagram APP should should render properly the &lt;FeedRoute&gt; component" name="React Instagram APP should should render properly the &lt;FeedRoute&gt; component" time="0.007">
      <failure>Error: could not find react-redux context value; please ensure the component is wrapped in a &lt;Provider&gt;
    at useReduxContext (/home/user/codenation/react-16/node_modules/react-redux/lib/hooks/useReduxContext.js:30:11)
    at useStore (/home/user/codenation/react-16/node_modules/react-redux/lib/hooks/useStore.js:28:28)
    at useDispatch (/home/user/codenation/react-16/node_modules/react-redux/lib/hooks/useDispatch.js:24:17)
    at FeedRoute (/home/user/codenation/react-16/src/routes/FeedRoute/FeedRoute.jsx:17:20)
    at renderWithHooks (/home/user/codenation/react-16/node_modules/react-dom/cjs/react-dom.development.js:14803:18)
    at mountIndeterminateComponent (/home/user/codenation/react-16/node_modules/react-dom/cjs/react-dom.development.js:17482:13)
    at beginWork (/home/user/codenation/react-16/node_modules/react-dom/cjs/react-dom.development.js:18596:16)
    at HTMLUnknownElement.callCallback (/home/user/codenation/react-16/node_modules/react-dom/cjs/react-dom.development.js:188:14)
    at invokeEventListeners (/home/user/codenation/react-16/node_modules/jsdom/lib/jsdom/living/events/EventTarget-impl.js:193:27)
    at HTMLUnknownElementImpl._dispatch (/home/user/codenation/react-16/node_modules/jsdom/lib/jsdom/living/events/EventTarget-impl.js:119:9)
    at HTMLUnknownElementImpl.dispatchEvent (/home/user/codenation/react-16/node_modules/jsdom/lib/jsdom/living/events/EventTarget-impl.js:82:17)
    at HTMLUnknownElementImpl.dispatchEvent (/home/user/codenation/react-16/node_modules/jsdom/lib/jsdom/living/nodes/HTMLElement-impl.js:30:27)
    at HTMLUnknownElement.dispatchEvent (/home/user/codenation/react-16/node_modules/jsdom/lib/jsdom/living/generated/EventTarget.js:157:21)
    at Object.invokeGuardedCallbackDev (/home/user/codenation/react-16/node_modules/react-dom/cjs/react-dom.development.js:237:16)
    at invokeGuardedCallback (/home/user/codenation/react-16/node_modules/react-dom/cjs/react-dom.development.js:292:31)
    at beginWork$1 (/home/user/codenation/react-16/node_modules/react-dom/cjs/react-dom.development.js:23203:7)
    at performUnitOfWork (/home/user/codenation/react-16/node_modules/react-dom/cjs/react-dom.development.js:22157:12)
    at workLoopSync (/home/user/codenation/react-16/node_modules/react-dom/cjs/react-dom.development.js:22130:22)
    at performSyncWorkOnRoot (/home/user/codenation/react-16/node_modules/react-dom/cjs/react-dom.development.js:21756:9)
    at scheduleUpdateOnFiber (/home/user/codenation/react-16/node_modules/react-dom/cjs/react-dom.development.js:21188:7)
    at updateContainer (/home/user/codenation/react-16/node_modules/react-dom/cjs/react-dom.development.js:24373:3)
    at /home/user/codenation/react-16/node_modules/react-dom/cjs/react-dom.development.js:24758:7
    at unbatchedUpdates (/home/user/codenation/react-16/node_modules/react-dom/cjs/react-dom.development.js:21903:12)
    at legacyRenderSubtreeIntoContainer (/home/user/codenation/react-16/node_modules/react-dom/cjs/react-dom.development.js:24757:5)
    at Object.render (/home/user/codenation/react-16/node_modules/react-dom/cjs/react-dom.development.js:24840:10)
    at /home/user/codenation/react-16/node_modules/@testing-library/react/dist/pure.js:86:25
    at batchedUpdates$1 (/home/user/codenation/react-16/node_modules/react-dom/cjs/react-dom.development.js:21856:12)
    at act (/home/user/codenation/react-16/node_modules/react-dom/cjs/react-dom-test-utils.development.js:929:14)
    at render (/home/user/codenation/react-16/node_modules/@testing-library/react/dist/pure.js:82:26)
    at Object.&lt;anonymous&gt; (/home/user/codenation/react-16/src/__tests__/submit.test.js:199:29)
    at Object.asyncJestTest (/home/user/codenation/react-16/node_modules/jest-jasmine2/build/jasmineAsyncInstall.js:102:37)
    at /home/user/codenation/react-16/node_modules/jest-jasmine2/build/queueRunner.js:43:12
    at new Promise (&lt;anonymous&gt;)
    at mapper (/home/user/codenation/react-16/node_modules/jest-jasmine2/build/queueRunner.js:26:19)
    at /home/user/codenation/react-16/node_modules/jest-jasmine2/build/queueRunner.js:73:41</failure>
    </testcase>
    <testcase classname="React Instagram APP should should render properly the &lt;NewUserRoute&gt; component" name="React Instagram APP should should render properly the &lt;NewUserRoute&gt; component" time="0.005">
    </testcase>
    <testcase classname="React Instagram APP should should render properly the &lt;ProfileRoute&gt; component" name="React Instagram APP should should render properly the &lt;ProfileRoute&gt; component" time="0.005">
    </testcase>
    <testcase classname="React Instagram APP should should render properly the &lt;UsersRoute&gt; component" name="React Instagram APP should should render properly the &lt;UsersRoute&gt; component" time="0.004">
    </testcase>
  </testsuite>
</testsuites>